Performing C++ SOURCE FILE Test COMPILER_SUPPORT_Wshorten64to32 failed with the following output:
Change Dir: C:/Users/LENOVO/Desktop/Progetto_Raffinamento/externals/Main_Build/eigen3/CMakeFiles/CMakeTmp

Run Build Command(s):C:/Qt/Tools/Ninja/ninja.exe cmTC_a0452 && [1/2 18.9/sec] Building CXX object CMakeFiles/cmTC_a0452.dir/src.cxx.obj
FAILED: CMakeFiles/cmTC_a0452.dir/src.cxx.obj 
C:\Qt\Tools\mingw1120_64\bin\g++.exe -DCOMPILER_SUPPORT_Wshorten64to32  -std=c++03 -pedantic -Wall -Wextra -Wundef -Wcast-align -Wchar-subscripts -Wnon-virtual-dtor -Wunused-local-typedefs -Wpointer-arith -Wwrite-strings -Wformat-security -Werror   -Wshorten-64-to-32 -o CMakeFiles/cmTC_a0452.dir/src.cxx.obj -c C:/Users/LENOVO/Desktop/Progetto_Raffinamento/externals/Main_Build/eigen3/CMakeFiles/CMakeTmp/src.cxx
g++.exe: error: unrecognized command-line option '-Wshorten-64-to-32'
ninja: build stopped: subcommand failed.


Source file was:
int main() { return 0; }
Performing C++ SOURCE FILE Test COMPILER_SUPPORT_Wcpp11extensions failed with the following output:
Change Dir: C:/Users/LENOVO/Desktop/Progetto_Raffinamento/externals/Main_Build/eigen3/CMakeFiles/CMakeTmp

Run Build Command(s):C:/Qt/Tools/Ninja/ninja.exe cmTC_84510 && [1/2 22.6/sec] Building CXX object CMakeFiles/cmTC_84510.dir/src.cxx.obj
FAILED: CMakeFiles/cmTC_84510.dir/src.cxx.obj 
C:\Qt\Tools\mingw1120_64\bin\g++.exe -DCOMPILER_SUPPORT_Wcpp11extensions  -std=c++03 -pedantic -Wall -Wextra -Wundef -Wcast-align -Wchar-subscripts -Wnon-virtual-dtor -Wunused-local-typedefs -Wpointer-arith -Wwrite-strings -Wformat-security -Wlogical-op -Wenum-conversion -Werror   -Wc++11-extensions -o CMakeFiles/cmTC_84510.dir/src.cxx.obj -c C:/Users/LENOVO/Desktop/Progetto_Raffinamento/externals/Main_Build/eigen3/CMakeFiles/CMakeTmp/src.cxx
g++.exe: error: unrecognized command-line option '-Wc++11-extensions'; did you mean '-fms-extensions'?
ninja: build stopped: subcommand failed.


Source file was:
int main() { return 0; }
Performing C++ SOURCE FILE Test COMPILER_SUPPORT_wd981 failed with the following output:
Change Dir: C:/Users/LENOVO/Desktop/Progetto_Raffinamento/externals/Main_Build/eigen3/CMakeFiles/CMakeTmp

Run Build Command(s):C:/Qt/Tools/Ninja/ninja.exe cmTC_e16bc && [1/2 28.8/sec] Building CXX object CMakeFiles/cmTC_e16bc.dir/src.cxx.obj
FAILED: CMakeFiles/cmTC_e16bc.dir/src.cxx.obj 
C:\Qt\Tools\mingw1120_64\bin\g++.exe -DCOMPILER_SUPPORT_wd981  -std=c++03 -pedantic -Wall -Wextra -Wundef -Wcast-align -Wchar-subscripts -Wnon-virtual-dtor -Wunused-local-typedefs -Wpointer-arith -Wwrite-strings -Wformat-security -Wlogical-op -Wenum-conversion -Wdouble-promotion -Wshadow -Wno-psabi -Wno-variadic-macros -Wno-long-long -fno-check-new -fno-common -fstrict-aliasing -Werror   -wd981 -o CMakeFiles/cmTC_e16bc.dir/src.cxx.obj -c C:/Users/LENOVO/Desktop/Progetto_Raffinamento/externals/Main_Build/eigen3/CMakeFiles/CMakeTmp/src.cxx
g++.exe: error: unrecognized command-line option '-wd981'
ninja: build stopped: subcommand failed.


Source file was:
int main() { return 0; }
Performing C++ SOURCE FILE Test COMPILER_SUPPORT_wd2304 failed with the following output:
Change Dir: C:/Users/LENOVO/Desktop/Progetto_Raffinamento/externals/Main_Build/eigen3/CMakeFiles/CMakeTmp

Run Build Command(s):C:/Qt/Tools/Ninja/ninja.exe cmTC_6fa73 && [1/2 15.7/sec] Building CXX object CMakeFiles/cmTC_6fa73.dir/src.cxx.obj
FAILED: CMakeFiles/cmTC_6fa73.dir/src.cxx.obj 
C:\Qt\Tools\mingw1120_64\bin\g++.exe -DCOMPILER_SUPPORT_wd2304  -std=c++03 -pedantic -Wall -Wextra -Wundef -Wcast-align -Wchar-subscripts -Wnon-virtual-dtor -Wunused-local-typedefs -Wpointer-arith -Wwrite-strings -Wformat-security -Wlogical-op -Wenum-conversion -Wdouble-promotion -Wshadow -Wno-psabi -Wno-variadic-macros -Wno-long-long -fno-check-new -fno-common -fstrict-aliasing -Werror   -wd2304 -o CMakeFiles/cmTC_6fa73.dir/src.cxx.obj -c C:/Users/LENOVO/Desktop/Progetto_Raffinamento/externals/Main_Build/eigen3/CMakeFiles/CMakeTmp/src.cxx
g++.exe: error: unrecognized command-line option '-wd2304'
ninja: build stopped: subcommand failed.


Source file was:
int main() { return 0; }
Performing C++ SOURCE FILE Test COMPILER_SUPPORT_STRICTANSI failed with the following output:
Change Dir: C:/Users/LENOVO/Desktop/Progetto_Raffinamento/externals/Main_Build/eigen3/CMakeFiles/CMakeTmp

Run Build Command(s):C:/Qt/Tools/Ninja/ninja.exe cmTC_f9bd0 && [1/2 46.1/sec] Building CXX object CMakeFiles/cmTC_f9bd0.dir/src.cxx.obj
FAILED: CMakeFiles/cmTC_f9bd0.dir/src.cxx.obj 
C:\Qt\Tools\mingw1120_64\bin\g++.exe -DCOMPILER_SUPPORT_STRICTANSI  -std=c++03 -pedantic -Wall -Wextra -Wundef -Wcast-align -Wchar-subscripts -Wnon-virtual-dtor -Wunused-local-typedefs -Wpointer-arith -Wwrite-strings -Wformat-security -Wlogical-op -Wenum-conversion -Wdouble-promotion -Wshadow -Wno-psabi -Wno-variadic-macros -Wno-long-long -fno-check-new -fno-common -fstrict-aliasing -Werror   -strict-ansi -o CMakeFiles/cmTC_f9bd0.dir/src.cxx.obj -c C:/Users/LENOVO/Desktop/Progetto_Raffinamento/externals/Main_Build/eigen3/CMakeFiles/CMakeTmp/src.cxx
g++.exe: error: unrecognized command-line option '-strict-ansi'; did you mean '-fstrict-enums'?
ninja: build stopped: subcommand failed.


Source file was:
int main() { return 0; }
Performing C++ SOURCE FILE Test COMPILER_SUPPORT_Qunusedarguments failed with the following output:
Change Dir: C:/Users/LENOVO/Desktop/Progetto_Raffinamento/externals/Main_Build/eigen3/CMakeFiles/CMakeTmp

Run Build Command(s):C:/Qt/Tools/Ninja/ninja.exe cmTC_951f5 && [1/2 37.0/sec] Building CXX object CMakeFiles/cmTC_951f5.dir/src.cxx.obj
FAILED: CMakeFiles/cmTC_951f5.dir/src.cxx.obj 
C:\Qt\Tools\mingw1120_64\bin\g++.exe -DCOMPILER_SUPPORT_Qunusedarguments  -std=c++03 -pedantic -Wall -Wextra -Wundef -Wcast-align -Wchar-subscripts -Wnon-virtual-dtor -Wunused-local-typedefs -Wpointer-arith -Wwrite-strings -Wformat-security -Wlogical-op -Wenum-conversion -Wdouble-promotion -Wshadow -Wno-psabi -Wno-variadic-macros -Wno-long-long -fno-check-new -fno-common -fstrict-aliasing -Werror   -Qunused-arguments -o CMakeFiles/cmTC_951f5.dir/src.cxx.obj -c C:/Users/LENOVO/Desktop/Progetto_Raffinamento/externals/Main_Build/eigen3/CMakeFiles/CMakeTmp/src.cxx
g++.exe: error: unrecognized command-line option '-Qunused-arguments'
ninja: build stopped: subcommand failed.


Source file was:
int main() { return 0; }
